<?xml version="1.0" encoding="UTF-8"?>
<!-- Generated by org.testng.reporters.JUnitReportReporter -->
<testsuite hostname="DESKTOP-MKO75RH" failures="0" tests="1" name="testCase.TC001_LoginPage" time="3.476" errors="0" timestamp="2024-10-04T21:01:03 IST" skipped="0">
  <testcase classname="testCase.TC001_LoginPage" name="verify_Login" time="3.476"/>
</testsuite> <!-- testCase.TC001_LoginPage -->
