<?xml version="1.0" encoding="UTF-8"?>
<!-- Generated by org.testng.reporters.JUnitReportReporter -->
<testsuite hostname="selvi" failures="0" tests="1" name="testCase.TC001_LoginPage" time="22.417" errors="0" timestamp="2024-10-15T23:02:41 IST" skipped="0">
  <testcase classname="testCase.TC001_LoginPage" name="verify_Login" time="22.417"/>
</testsuite> <!-- testCase.TC001_LoginPage -->
